Arguments: 
  /usr/local/bin/node /usr/local/Cellar/yarn/1.22.17_2/libexec/bin/yarn.js

PATH: 
  /Users/andela/Downloads/google-cloud-sdk/bin:/Users/andela/.gem/ruby/3.1.1/bin:/usr/local/opt/ruby/bin:/usr/local/bin:/usr/bin:/bin:/usr/sbin:/sbin:/Users/andela/Downloads/google-cloud-sdk/bin:/Users/andela/.gem/ruby/3.1.1/bin:/usr/local/opt/ruby/bin

Yarn version: 
  1.22.17

Node version: 
  16.14.0

Platform: 
  darwin x64

Trace: 
  Error: getaddrinfo ENOTFOUND registry.yarnpkg.com
      at GetAddrInfoReqWrap.onlookup [as oncomplete] (node:dns:71:26)

npm manifest: 
  {
    "name": "newsletter",
    "version": "0.1.0",
    "private": true,
    "dependencies": {
      "@mui/lab": "^5.0.0-alpha.81",
      "@mui/material": "^5.7.0",
      "@testing-library/jest-dom": "^5.16.4",
      "@testing-library/react": "^13.2.0",
      "@testing-library/user-event": "^13.5.0",
      "color": "^4.2.3",
      "grommet": "^2.23.0",
      "react": "^18.1.0",
      "react-dom": "^18.1.0",
      "react-scripts": "5.0.1",
      "styled-components": "^5.3.5",
      "web-vitals": "^2.1.4"
    },
    "scripts": {
      "start": "react-scripts start",
      "build": "react-scripts build",
      "test": "react-scripts test",
      "eject": "react-scripts eject"
    },
    "eslintConfig": {
      "extends": [
        "react-app",
        "react-app/jest"
      ]
    },
    "browserslist": {
      "production": [
        ">0.2%",
        "not dead",
        "not op_mini all"
      ],
      "development": [
        "last 1 chrome version",
        "last 1 firefox version",
        "last 1 safari version"
      ]
    }
  }

yarn manifest: 
  No manifest

Lockfile: 
  No lockfile
